<?xml version="1.0" encoding="UTF-8"?>
<!-- Generated by org.testng.reporters.JUnitReportReporter -->
<testsuite hostname="DESKTOP-T06S0P0" failures="0" tests="3" name="Jenkins1.Test2" time="0.015" errors="0" timestamp="2022-07-04T13:22:22 IST" skipped="0">
  <testcase classname="Jenkins1.Test2" name="testcase1" time="0.011"/>
  <system-out/>
  <testcase classname="Jenkins1.Test2" name="testcase2" time="0.002"/>
  <system-out/>
  <testcase classname="Jenkins1.Test2" name="testcase3" time="0.002"/>
  <system-out/>
</testsuite> <!-- Jenkins1.Test2 -->
